<?xml version="1.0" encoding="UTF-8"?>
<!-- Generated by org.testng.reporters.JUnitReportReporter -->
<testsuite skipped="0" hostname="DESKTOP-5OK70U5" name="com.myecom.testcases.IndexPageTest" tests="7" failures="0" timestamp="2022-09-19T07:12:23 IST" time="110.751" errors="0">
  <testcase name="ClickOnSignIn" time="15.757" classname="com.myecom.testcases.IndexPageTest"/>
  <system-out/>
  <testcase name="validatetitle" time="15.523" classname="com.myecom.testcases.IndexPageTest"/>
  <system-out/>
  <testcase name="validateLogo" time="17.422" classname="com.myecom.testcases.IndexPageTest"/>
  <system-out/>
  <testcase name="test" time="17.279" classname="com.myecom.testcases.IndexPageTest"/>
  <system-out/>
  <testcase name="validateSearchBoxClick" time="16.245" classname="com.myecom.testcases.IndexPageTest"/>
  <system-out/>
  <testcase name="validateSearchBoxText" time="12.299" classname="com.myecom.testcases.IndexPageTest"/>
  <system-out/>
  <testcase name="validatetshirtclick" time="16.226" classname="com.myecom.testcases.IndexPageTest"/>
  <system-out/>
</testsuite> <!-- com.myecom.testcases.IndexPageTest -->
