<?xml version="1.0" encoding="UTF-8"?>
<!-- Generated by org.testng.reporters.JUnitReportReporter -->
<testsuite skipped="0" hostname="DESKTOP-5OK70U5" name="com.myecom.testcases.IndexPageTest" tests="7" failures="0" timestamp="2022-09-15T14:40:12 IST" time="170.228" errors="0">
  <testcase name="test" time="23.400" classname="com.myecom.testcases.IndexPageTest"/>
  <system-out/>
  <testcase name="validatetitle" time="24.533" classname="com.myecom.testcases.IndexPageTest"/>
  <system-out/>
  <testcase name="validateSearchBoxText" time="16.935" classname="com.myecom.testcases.IndexPageTest"/>
  <system-out/>
  <testcase name="validateLogo" time="18.291" classname="com.myecom.testcases.IndexPageTest"/>
  <system-out/>
  <testcase name="validateSearchBoxClick" time="19.270" classname="com.myecom.testcases.IndexPageTest"/>
  <system-out/>
  <testcase name="ClickOnSignIn" time="38.909" classname="com.myecom.testcases.IndexPageTest"/>
  <system-out/>
  <testcase name="validatetshirtclick" time="28.890" classname="com.myecom.testcases.IndexPageTest"/>
  <system-out/>
</testsuite> <!-- com.myecom.testcases.IndexPageTest -->
